<?xml version="1.0" encoding="UTF-8" ?>
<testsuite tests="8" failures="0" name="AlphabetAlgorithmTest" time="0.01" errors="0" skipped="0">
  <properties>
[...]
</properties>
  <testcase classname="AlphabetAlgorithmTest" name="testWordA" time="0.006"/>
  <testcase classname="AlphabetAlgorithmTest" name="testWordArlequin" time="0.001"/>
  <testcase classname="AlphabetAlgorithmTest" name="testWordDorito" time="0"/>
  <testcase classname="AlphabetAlgorithmTest" name="testWordCampana" time="0.001"/>
  <testcase classname="AlphabetAlgorithmTest" name="testWordBozo" time="0.001"/>
  <testcase classname="AlphabetAlgorithmTest" name="testWordComun" time="0.001"/>
  <testcase classname="AlphabetAlgorithmTest" name="testWordLibro" time="0"/>
  <testcase classname="AlphabetAlgorithmTest" name="testWordTraje" time="0"/>
</testsuite>